<?xml version="1.0" encoding="UTF-8"?>
<!-- Generated by org.testng.reporters.JUnitXMLReporter -->
<testsuite ignored="4" hostname="DESKTOP-0O5IM9N" failures="1" tests="3" name="ChromeTest" time="180.703" errors="0" timestamp="2024-05-06T09:00:17 IST">
  <testcase classname="util.BaseTestForCrossBrowser" name="@AfterMethod end" time="3.288">
    <failure type="org.openqa.selenium.ElementClickInterceptedException" message="element click intercepted: Element &amp;lt;a href=&amp;quot;/qspider8/logout.do&amp;quot; id=&amp;quot;logoutLink&amp;quot; class=&amp;quot;logout&amp;quot; style=&amp;quot;background : green&amp;quot;&amp;gt;...&amp;lt;/a&amp;gt; is not clickable at point (1445, 15). Other element would receive the click: &amp;lt;div class=&amp;quot;components-Modal-modalRoot--pA7n2zKp&amp;quot;&amp;gt;...&amp;lt;/div&amp;gt;
  (Session info: chrome=124.0.6367.119)
Build info: version: &amp;apos;4.18.1&amp;apos;, revision: &amp;apos;b1d3319b48&amp;apos;
System info: os.name: &amp;apos;Windows 10&amp;apos;, os.arch: &amp;apos;amd64&amp;apos;, os.version: &amp;apos;10.0&amp;apos;, java.version: &amp;apos;18.0.2.1&amp;apos;
Driver info: org.openqa.selenium.chrome.ChromeDriver
Command: [1342684f2d99879d3a1611bec41faa57, clickElement {id=f.E01949088B16E51E1544A6B62181E0AD.d.DAE35FC60BF0796033259B56D013615A.e.188}]
Capabilities {acceptInsecureCerts: false, browserName: chrome, browserVersion: 124.0.6367.119, chrome: {chromedriverVersion: 124.0.6367.91 (51df0e5e17a8..., userDataDir: C:\Users\ASUS\AppData\Local...}, fedcm:accounts: true, goog:chromeOptions: {debuggerAddress: localhost:56428}, networkConnectionEnabled: false, pageLoadStrategy: normal, platformName: windows, proxy: Proxy(), se:cdp: ws://localhost:56428/devtoo..., se:cdpVersion: 124.0.6367.119, setWindowRect: true, strictFileInteractability: false, timeouts: {implicit: 0, pageLoad: 300000, script: 30000}, unhandledPromptBehavior: dismiss and notify, webauthn:extension:credBlob: true, webauthn:extension:largeBlob: true, webauthn:extension:minPinLength: true, webauthn:extension:prf: true, webauthn:virtualAuthenticators: true}
Element: [[ChromeDriver: chrome on windows (1342684f2d99879d3a1611bec41faa57)] -&amp;gt; xpath: (//a[@id=&amp;apos;logoutLink&amp;apos;])[1]]
Session ID: 1342684f2d99879d3a1611bec41faa57">
      <![CDATA[org.openqa.selenium.ElementClickInterceptedException: element click intercepted: Element <a href="/qspider8/logout.do" id="logoutLink" class="logout" style="background : green">...</a> is not clickable at point (1445, 15). Other element would receive the click: <div class="components-Modal-modalRoot--pA7n2zKp">...</div>
  (Session info: chrome=124.0.6367.119)
Build info: version: '4.18.1', revision: 'b1d3319b48'
System info: os.name: 'Windows 10', os.arch: 'amd64', os.version: '10.0', java.version: '18.0.2.1'
Driver info: org.openqa.selenium.chrome.ChromeDriver
Command: [1342684f2d99879d3a1611bec41faa57, clickElement {id=f.E01949088B16E51E1544A6B62181E0AD.d.DAE35FC60BF0796033259B56D013615A.e.188}]
Capabilities {acceptInsecureCerts: false, browserName: chrome, browserVersion: 124.0.6367.119, chrome: {chromedriverVersion: 124.0.6367.91 (51df0e5e17a8..., userDataDir: C:\Users\ASUS\AppData\Local...}, fedcm:accounts: true, goog:chromeOptions: {debuggerAddress: localhost:56428}, networkConnectionEnabled: false, pageLoadStrategy: normal, platformName: windows, proxy: Proxy(), se:cdp: ws://localhost:56428/devtoo..., se:cdpVersion: 124.0.6367.119, setWindowRect: true, strictFileInteractability: false, timeouts: {implicit: 0, pageLoad: 300000, script: 30000}, unhandledPromptBehavior: dismiss and notify, webauthn:extension:credBlob: true, webauthn:extension:largeBlob: true, webauthn:extension:minPinLength: true, webauthn:extension:prf: true, webauthn:virtualAuthenticators: true}
Element: [[ChromeDriver: chrome on windows (1342684f2d99879d3a1611bec41faa57)] -> xpath: (//a[@id='logoutLink'])[1]]
Session ID: 1342684f2d99879d3a1611bec41faa57
at org.openqa.selenium.remote.ErrorCodec.decode(ErrorCodec.java:167)
at org.openqa.selenium.remote.codec.w3c.W3CHttpResponseCodec.decode(W3CHttpResponseCodec.java:138)
at org.openqa.selenium.remote.codec.w3c.W3CHttpResponseCodec.decode(W3CHttpResponseCodec.java:50)
at org.openqa.selenium.remote.HttpCommandExecutor.execute(HttpCommandExecutor.java:190)
at org.openqa.selenium.remote.service.DriverCommandExecutor.invokeExecute(DriverCommandExecutor.java:216)
at org.openqa.selenium.remote.service.DriverCommandExecutor.execute(DriverCommandExecutor.java:174)
at org.openqa.selenium.remote.RemoteWebDriver.execute(RemoteWebDriver.java:519)
at org.openqa.selenium.remote.RemoteWebElement.execute(RemoteWebElement.java:223)
at org.openqa.selenium.remote.RemoteWebElement.click(RemoteWebElement.java:76)
at org.openqa.selenium.support.pagefactory.internal.LocatingElementHandler.invoke(LocatingElementHandler.java:51)
at jdk.proxy2/jdk.proxy2.$Proxy18.click(Unknown Source)
at Pom.ActitimeLogout.logout(ActitimeLogout.java:27)
at util.BaseTestForCrossBrowser.end(BaseTestForCrossBrowser.java:28)
at java.base/java.util.ArrayList.forEach(ArrayList.java:1511)
... Removed 35 stack frames]]>
    </failure>
  </testcase> <!-- @AfterMethod end -->
  <testcase classname="util.BaseTestForCrossBrowser" name="@AfterClass ClassLevelEnded" time="-1.714966144159E9">
    <skipped/>
  </testcase> <!-- @AfterClass ClassLevelEnded -->
  <testcase classname="util.BaseTestForCrossBrowser" name="@AfterMethod end" time="3.28">
    <failure type="org.openqa.selenium.ElementClickInterceptedException" message="element click intercepted: Element &amp;lt;a href=&amp;quot;/qspider8/logout.do&amp;quot; id=&amp;quot;logoutLink&amp;quot; class=&amp;quot;logout&amp;quot; style=&amp;quot;background : green&amp;quot;&amp;gt;...&amp;lt;/a&amp;gt; is not clickable at point (1445, 15). Other element would receive the click: &amp;lt;div class=&amp;quot;components-Modal-modalRoot--pA7n2zKp&amp;quot;&amp;gt;...&amp;lt;/div&amp;gt;
  (Session info: chrome=124.0.6367.119)
Build info: version: &amp;apos;4.18.1&amp;apos;, revision: &amp;apos;b1d3319b48&amp;apos;
System info: os.name: &amp;apos;Windows 10&amp;apos;, os.arch: &amp;apos;amd64&amp;apos;, os.version: &amp;apos;10.0&amp;apos;, java.version: &amp;apos;18.0.2.1&amp;apos;
Driver info: org.openqa.selenium.chrome.ChromeDriver
Command: [d8b94cf350057aba8886e60030ad8970, clickElement {id=f.CC6AAF556BE62134D51682C88614DECD.d.F7F43DA9770B6B5EB9C02B5EE23C5DA7.e.190}]
Capabilities {acceptInsecureCerts: false, browserName: chrome, browserVersion: 124.0.6367.119, chrome: {chromedriverVersion: 124.0.6367.91 (51df0e5e17a8..., userDataDir: C:\Users\ASUS\AppData\Local...}, fedcm:accounts: true, goog:chromeOptions: {debuggerAddress: localhost:56485}, networkConnectionEnabled: false, pageLoadStrategy: normal, platformName: windows, proxy: Proxy(), se:cdp: ws://localhost:56485/devtoo..., se:cdpVersion: 124.0.6367.119, setWindowRect: true, strictFileInteractability: false, timeouts: {implicit: 0, pageLoad: 300000, script: 30000}, unhandledPromptBehavior: dismiss and notify, webauthn:extension:credBlob: true, webauthn:extension:largeBlob: true, webauthn:extension:minPinLength: true, webauthn:extension:prf: true, webauthn:virtualAuthenticators: true}
Element: [[ChromeDriver: chrome on windows (d8b94cf350057aba8886e60030ad8970)] -&amp;gt; xpath: (//a[@id=&amp;apos;logoutLink&amp;apos;])[1]]
Session ID: d8b94cf350057aba8886e60030ad8970">
      <![CDATA[org.openqa.selenium.ElementClickInterceptedException: element click intercepted: Element <a href="/qspider8/logout.do" id="logoutLink" class="logout" style="background : green">...</a> is not clickable at point (1445, 15). Other element would receive the click: <div class="components-Modal-modalRoot--pA7n2zKp">...</div>
  (Session info: chrome=124.0.6367.119)
Build info: version: '4.18.1', revision: 'b1d3319b48'
System info: os.name: 'Windows 10', os.arch: 'amd64', os.version: '10.0', java.version: '18.0.2.1'
Driver info: org.openqa.selenium.chrome.ChromeDriver
Command: [d8b94cf350057aba8886e60030ad8970, clickElement {id=f.CC6AAF556BE62134D51682C88614DECD.d.F7F43DA9770B6B5EB9C02B5EE23C5DA7.e.190}]
Capabilities {acceptInsecureCerts: false, browserName: chrome, browserVersion: 124.0.6367.119, chrome: {chromedriverVersion: 124.0.6367.91 (51df0e5e17a8..., userDataDir: C:\Users\ASUS\AppData\Local...}, fedcm:accounts: true, goog:chromeOptions: {debuggerAddress: localhost:56485}, networkConnectionEnabled: false, pageLoadStrategy: normal, platformName: windows, proxy: Proxy(), se:cdp: ws://localhost:56485/devtoo..., se:cdpVersion: 124.0.6367.119, setWindowRect: true, strictFileInteractability: false, timeouts: {implicit: 0, pageLoad: 300000, script: 30000}, unhandledPromptBehavior: dismiss and notify, webauthn:extension:credBlob: true, webauthn:extension:largeBlob: true, webauthn:extension:minPinLength: true, webauthn:extension:prf: true, webauthn:virtualAuthenticators: true}
Element: [[ChromeDriver: chrome on windows (d8b94cf350057aba8886e60030ad8970)] -> xpath: (//a[@id='logoutLink'])[1]]
Session ID: d8b94cf350057aba8886e60030ad8970
at org.openqa.selenium.remote.ErrorCodec.decode(ErrorCodec.java:167)
at org.openqa.selenium.remote.codec.w3c.W3CHttpResponseCodec.decode(W3CHttpResponseCodec.java:138)
at org.openqa.selenium.remote.codec.w3c.W3CHttpResponseCodec.decode(W3CHttpResponseCodec.java:50)
at org.openqa.selenium.remote.HttpCommandExecutor.execute(HttpCommandExecutor.java:190)
at org.openqa.selenium.remote.service.DriverCommandExecutor.invokeExecute(DriverCommandExecutor.java:216)
at org.openqa.selenium.remote.service.DriverCommandExecutor.execute(DriverCommandExecutor.java:174)
at org.openqa.selenium.remote.RemoteWebDriver.execute(RemoteWebDriver.java:519)
at org.openqa.selenium.remote.RemoteWebElement.execute(RemoteWebElement.java:223)
at org.openqa.selenium.remote.RemoteWebElement.click(RemoteWebElement.java:76)
at org.openqa.selenium.support.pagefactory.internal.LocatingElementHandler.invoke(LocatingElementHandler.java:51)
at jdk.proxy2/jdk.proxy2.$Proxy18.click(Unknown Source)
at Pom.ActitimeLogout.logout(ActitimeLogout.java:27)
at util.BaseTestForCrossBrowser.end(BaseTestForCrossBrowser.java:28)
at java.base/java.util.ArrayList.forEach(ArrayList.java:1511)
... Removed 35 stack frames]]>
    </failure>
  </testcase> <!-- @AfterMethod end -->
  <testcase classname="util.BaseTestForCrossBrowser" name="@AfterClass ClassLevelEnded" time="-1.714966216859E9">
    <skipped/>
  </testcase> <!-- @AfterClass ClassLevelEnded -->
  <testcase classname="TestNG_test.ActitimeLoginAndLogout" name="actitimeLoginOut" time="0.016"/>
  <testcase classname="TestNG_test.creatTypeOfWork" name="CreatTypeOfWork" time="43.26"/>
  <testcase classname="TestNG_test.deleteTypeOfwork" name="DeleteTypeOfwork" time="44.128">
    <failure type="java.lang.NullPointerException" message="Cannot invoke &amp;quot;Pom.DeleteTypeOfWork.click()&amp;quot; because &amp;quot;TestNG_test.deleteTypeOfwork.delete&amp;quot; is null">
      <![CDATA[java.lang.NullPointerException: Cannot invoke "Pom.DeleteTypeOfWork.click()" because "TestNG_test.deleteTypeOfwork.delete" is null
at TestNG_test.deleteTypeOfwork.DeleteTypeOfwork(deleteTypeOfwork.java:24)
at java.base/java.util.ArrayList.forEach(ArrayList.java:1511)
... Removed 25 stack frames]]>
    </failure>
  </testcase> <!-- DeleteTypeOfwork -->
  <testcase classname="util.BaseTestForCrossBrowser" name="@BeforeTest TestLevelStarted" time="0.0">
    <ignored/>
  </testcase> <!-- @BeforeTest TestLevelStarted -->
  <testcase classname="util.BaseTestForCrossBrowser" name="@BeforeTest TestLevelStarted" time="0.0">
    <ignored/>
  </testcase> <!-- @BeforeTest TestLevelStarted -->
  <testcase classname="util.BaseTestForCrossBrowser" name="@AfterTest TestLevelEnded" time="0.0">
    <ignored/>
  </testcase> <!-- @AfterTest TestLevelEnded -->
  <testcase classname="util.BaseTestForCrossBrowser" name="@AfterTest TestLevelEnded" time="0.0">
    <ignored/>
  </testcase> <!-- @AfterTest TestLevelEnded -->
</testsuite> <!-- ChromeTest -->
