<?xml version="1.0" encoding="UTF-8"?>
<!-- Generated by org.testng.reporters.JUnitXMLReporter -->
<testsuite ignored="10" hostname="DESKTOP-0O5IM9N" failures="0" tests="6" name="Test" time="20.748" errors="0" timestamp="2024-05-08T14:11:49 IST">
  <testcase classname="util.BaseTestForCrossBrowser" name="@BeforeClass Classlevelstart" time="-1.715157688703E9">
    <failure type="org.testng.TestNGException" message="
Parameter &amp;apos;browser&amp;apos; is required by BeforeClass on method Classlevelstart but has not been marked @Optional or defined
in C:\Users\ASUS\Desktop\radha automation\AutomationHybridFrameWork\testng.xml">
      <![CDATA[org.testng.TestNGException: 
Parameter 'browser' is required by BeforeClass on method Classlevelstart but has not been marked @Optional or defined
in C:\Users\ASUS\Desktop\radha automation\AutomationHybridFrameWork\testng.xml
at java.base/java.util.ArrayList.forEach(ArrayList.java:1511)
... Removed 22 stack frames]]>
    </failure>
  </testcase> <!-- @BeforeClass Classlevelstart -->
  <testcase classname="util.BaseTestForCrossBrowser" name="@BeforeMethod start" time="-1.71515768874E9">
    <skipped/>
  </testcase> <!-- @BeforeMethod start -->
  <testcase classname="util.BaseTestForCrossBrowser" name="@AfterMethod end" time="-1.715157688749E9">
    <skipped/>
  </testcase> <!-- @AfterMethod end -->
  <testcase classname="util.BaseTestForCrossBrowser" name="@AfterClass ClassLevelEnded" time="-1.715157688753E9">
    <skipped/>
  </testcase> <!-- @AfterClass ClassLevelEnded -->
  <testcase classname="util.BaseTest" name="@BeforeMethod start" time="8.651">
    <failure type="org.openqa.selenium.NoSuchWindowException" message="no such window: target window already closed
from unknown error: web view not found
  (Session info: chrome=124.0.6367.119)
Build info: version: &amp;apos;4.18.1&amp;apos;, revision: &amp;apos;b1d3319b48&amp;apos;
System info: os.name: &amp;apos;Windows 10&amp;apos;, os.arch: &amp;apos;amd64&amp;apos;, os.version: &amp;apos;10.0&amp;apos;, java.version: &amp;apos;18.0.2.1&amp;apos;
Driver info: org.openqa.selenium.chrome.ChromeDriver
Command: [409168360e5f2d241631bdf16d073d78, maximizeCurrentWindow {}]
Capabilities {acceptInsecureCerts: false, browserName: chrome, browserVersion: 124.0.6367.119, chrome: {chromedriverVersion: 124.0.6367.155 (df4f029328b..., userDataDir: C:\Users\ASUS\AppData\Local...}, fedcm:accounts: true, goog:chromeOptions: {debuggerAddress: localhost:64856}, networkConnectionEnabled: false, pageLoadStrategy: normal, platformName: windows, proxy: Proxy(), se:cdp: ws://localhost:64856/devtoo..., se:cdpVersion: 124.0.6367.119, setWindowRect: true, strictFileInteractability: false, timeouts: {implicit: 0, pageLoad: 300000, script: 30000}, unhandledPromptBehavior: dismiss and notify, webauthn:extension:credBlob: true, webauthn:extension:largeBlob: true, webauthn:extension:minPinLength: true, webauthn:extension:prf: true, webauthn:virtualAuthenticators: true}
Session ID: 409168360e5f2d241631bdf16d073d78">
      <![CDATA[org.openqa.selenium.NoSuchWindowException: no such window: target window already closed
from unknown error: web view not found
  (Session info: chrome=124.0.6367.119)
Build info: version: '4.18.1', revision: 'b1d3319b48'
System info: os.name: 'Windows 10', os.arch: 'amd64', os.version: '10.0', java.version: '18.0.2.1'
Driver info: org.openqa.selenium.chrome.ChromeDriver
Command: [409168360e5f2d241631bdf16d073d78, maximizeCurrentWindow {}]
Capabilities {acceptInsecureCerts: false, browserName: chrome, browserVersion: 124.0.6367.119, chrome: {chromedriverVersion: 124.0.6367.155 (df4f029328b..., userDataDir: C:\Users\ASUS\AppData\Local...}, fedcm:accounts: true, goog:chromeOptions: {debuggerAddress: localhost:64856}, networkConnectionEnabled: false, pageLoadStrategy: normal, platformName: windows, proxy: Proxy(), se:cdp: ws://localhost:64856/devtoo..., se:cdpVersion: 124.0.6367.119, setWindowRect: true, strictFileInteractability: false, timeouts: {implicit: 0, pageLoad: 300000, script: 30000}, unhandledPromptBehavior: dismiss and notify, webauthn:extension:credBlob: true, webauthn:extension:largeBlob: true, webauthn:extension:minPinLength: true, webauthn:extension:prf: true, webauthn:virtualAuthenticators: true}
Session ID: 409168360e5f2d241631bdf16d073d78
at org.openqa.selenium.remote.ErrorCodec.decode(ErrorCodec.java:167)
at org.openqa.selenium.remote.codec.w3c.W3CHttpResponseCodec.decode(W3CHttpResponseCodec.java:138)
at org.openqa.selenium.remote.codec.w3c.W3CHttpResponseCodec.decode(W3CHttpResponseCodec.java:50)
at org.openqa.selenium.remote.HttpCommandExecutor.execute(HttpCommandExecutor.java:190)
at org.openqa.selenium.remote.service.DriverCommandExecutor.invokeExecute(DriverCommandExecutor.java:216)
at org.openqa.selenium.remote.service.DriverCommandExecutor.execute(DriverCommandExecutor.java:174)
at org.openqa.selenium.remote.RemoteWebDriver.execute(RemoteWebDriver.java:519)
at org.openqa.selenium.remote.RemoteWebDriver.execute(RemoteWebDriver.java:592)
at org.openqa.selenium.remote.RemoteWebDriver.execute(RemoteWebDriver.java:596)
at org.openqa.selenium.remote.RemoteWebDriver$RemoteWebDriverOptions$RemoteWindow.maximize(RemoteWebDriver.java:1035)
at util.BaseTest.start(BaseTest.java:21)
at java.base/java.util.ArrayList.forEach(ArrayList.java:1511)
... Removed 32 stack frames]]>
    </failure>
  </testcase> <!-- @BeforeMethod start -->
  <testcase classname="util.BaseTest" name="@AfterMethod logout" time="-1.715157697468E9">
    <skipped/>
  </testcase> <!-- @AfterMethod logout -->
  <testcase classname="util.BaseTest" name="@BeforeMethod start" time="4.314">
    <failure type="org.openqa.selenium.NoSuchWindowException" message="no such window: target window already closed
from unknown error: web view not found
  (Session info: chrome=124.0.6367.119)
Build info: version: &amp;apos;4.18.1&amp;apos;, revision: &amp;apos;b1d3319b48&amp;apos;
System info: os.name: &amp;apos;Windows 10&amp;apos;, os.arch: &amp;apos;amd64&amp;apos;, os.version: &amp;apos;10.0&amp;apos;, java.version: &amp;apos;18.0.2.1&amp;apos;
Driver info: org.openqa.selenium.chrome.ChromeDriver
Command: [54a2c0b1cd0c82c811514c75301ba9c5, maximizeCurrentWindow {}]
Capabilities {acceptInsecureCerts: false, browserName: chrome, browserVersion: 124.0.6367.119, chrome: {chromedriverVersion: 124.0.6367.155 (df4f029328b..., userDataDir: C:\Users\ASUS\AppData\Local...}, fedcm:accounts: true, goog:chromeOptions: {debuggerAddress: localhost:64887}, networkConnectionEnabled: false, pageLoadStrategy: normal, platformName: windows, proxy: Proxy(), se:cdp: ws://localhost:64887/devtoo..., se:cdpVersion: 124.0.6367.119, setWindowRect: true, strictFileInteractability: false, timeouts: {implicit: 0, pageLoad: 300000, script: 30000}, unhandledPromptBehavior: dismiss and notify, webauthn:extension:credBlob: true, webauthn:extension:largeBlob: true, webauthn:extension:minPinLength: true, webauthn:extension:prf: true, webauthn:virtualAuthenticators: true}
Session ID: 54a2c0b1cd0c82c811514c75301ba9c5">
      <![CDATA[org.openqa.selenium.NoSuchWindowException: no such window: target window already closed
from unknown error: web view not found
  (Session info: chrome=124.0.6367.119)
Build info: version: '4.18.1', revision: 'b1d3319b48'
System info: os.name: 'Windows 10', os.arch: 'amd64', os.version: '10.0', java.version: '18.0.2.1'
Driver info: org.openqa.selenium.chrome.ChromeDriver
Command: [54a2c0b1cd0c82c811514c75301ba9c5, maximizeCurrentWindow {}]
Capabilities {acceptInsecureCerts: false, browserName: chrome, browserVersion: 124.0.6367.119, chrome: {chromedriverVersion: 124.0.6367.155 (df4f029328b..., userDataDir: C:\Users\ASUS\AppData\Local...}, fedcm:accounts: true, goog:chromeOptions: {debuggerAddress: localhost:64887}, networkConnectionEnabled: false, pageLoadStrategy: normal, platformName: windows, proxy: Proxy(), se:cdp: ws://localhost:64887/devtoo..., se:cdpVersion: 124.0.6367.119, setWindowRect: true, strictFileInteractability: false, timeouts: {implicit: 0, pageLoad: 300000, script: 30000}, unhandledPromptBehavior: dismiss and notify, webauthn:extension:credBlob: true, webauthn:extension:largeBlob: true, webauthn:extension:minPinLength: true, webauthn:extension:prf: true, webauthn:virtualAuthenticators: true}
Session ID: 54a2c0b1cd0c82c811514c75301ba9c5
at org.openqa.selenium.remote.ErrorCodec.decode(ErrorCodec.java:167)
at org.openqa.selenium.remote.codec.w3c.W3CHttpResponseCodec.decode(W3CHttpResponseCodec.java:138)
at org.openqa.selenium.remote.codec.w3c.W3CHttpResponseCodec.decode(W3CHttpResponseCodec.java:50)
at org.openqa.selenium.remote.HttpCommandExecutor.execute(HttpCommandExecutor.java:190)
at org.openqa.selenium.remote.service.DriverCommandExecutor.invokeExecute(DriverCommandExecutor.java:216)
at org.openqa.selenium.remote.service.DriverCommandExecutor.execute(DriverCommandExecutor.java:174)
at org.openqa.selenium.remote.RemoteWebDriver.execute(RemoteWebDriver.java:519)
at org.openqa.selenium.remote.RemoteWebDriver.execute(RemoteWebDriver.java:592)
at org.openqa.selenium.remote.RemoteWebDriver.execute(RemoteWebDriver.java:596)
at org.openqa.selenium.remote.RemoteWebDriver$RemoteWebDriverOptions$RemoteWindow.maximize(RemoteWebDriver.java:1035)
at util.BaseTest.start(BaseTest.java:21)
at java.base/java.util.ArrayList.forEach(ArrayList.java:1511)
... Removed 32 stack frames]]>
    </failure>
  </testcase> <!-- @BeforeMethod start -->
  <testcase classname="util.BaseTest" name="@AfterMethod logout" time="-1.715157701826E9">
    <skipped/>
  </testcase> <!-- @AfterMethod logout -->
  <testcase classname="util.BaseTestForCrossBrowser" name="@BeforeClass Classlevelstart" time="-1.715157701857E9">
    <failure type="org.testng.TestNGException" message="
Parameter &amp;apos;browser&amp;apos; is required by BeforeClass on method Classlevelstart but has not been marked @Optional or defined
in C:\Users\ASUS\Desktop\radha automation\AutomationHybridFrameWork\testng.xml">
      <![CDATA[org.testng.TestNGException: 
Parameter 'browser' is required by BeforeClass on method Classlevelstart but has not been marked @Optional or defined
in C:\Users\ASUS\Desktop\radha automation\AutomationHybridFrameWork\testng.xml
at java.base/java.util.ArrayList.forEach(ArrayList.java:1511)
... Removed 22 stack frames]]>
    </failure>
  </testcase> <!-- @BeforeClass Classlevelstart -->
  <testcase classname="util.BaseTestForCrossBrowser" name="@BeforeMethod start" time="-1.715157701868E9">
    <skipped/>
  </testcase> <!-- @BeforeMethod start -->
  <testcase classname="util.BaseTestForCrossBrowser" name="@AfterMethod end" time="-1.715157701876E9">
    <skipped/>
  </testcase> <!-- @AfterMethod end -->
  <testcase classname="util.BaseTestForCrossBrowser" name="@AfterClass ClassLevelEnded" time="-1.715157701879E9">
    <skipped/>
  </testcase> <!-- @AfterClass ClassLevelEnded -->
  <testcase classname="util.BaseTest" name="@BeforeMethod start" time="7.4">
    <failure type="org.openqa.selenium.NoSuchWindowException" message="no such window: target window already closed
from unknown error: web view not found
  (Session info: chrome=124.0.6367.119)
Build info: version: &amp;apos;4.18.1&amp;apos;, revision: &amp;apos;b1d3319b48&amp;apos;
System info: os.name: &amp;apos;Windows 10&amp;apos;, os.arch: &amp;apos;amd64&amp;apos;, os.version: &amp;apos;10.0&amp;apos;, java.version: &amp;apos;18.0.2.1&amp;apos;
Driver info: org.openqa.selenium.chrome.ChromeDriver
Command: [c8b949c9ea241c9b219513eba69ac7f7, maximizeCurrentWindow {}]
Capabilities {acceptInsecureCerts: false, browserName: chrome, browserVersion: 124.0.6367.119, chrome: {chromedriverVersion: 124.0.6367.155 (df4f029328b..., userDataDir: C:\Users\ASUS\AppData\Local...}, fedcm:accounts: true, goog:chromeOptions: {debuggerAddress: localhost:64910}, networkConnectionEnabled: false, pageLoadStrategy: normal, platformName: windows, proxy: Proxy(), se:cdp: ws://localhost:64910/devtoo..., se:cdpVersion: 124.0.6367.119, setWindowRect: true, strictFileInteractability: false, timeouts: {implicit: 0, pageLoad: 300000, script: 30000}, unhandledPromptBehavior: dismiss and notify, webauthn:extension:credBlob: true, webauthn:extension:largeBlob: true, webauthn:extension:minPinLength: true, webauthn:extension:prf: true, webauthn:virtualAuthenticators: true}
Session ID: c8b949c9ea241c9b219513eba69ac7f7">
      <![CDATA[org.openqa.selenium.NoSuchWindowException: no such window: target window already closed
from unknown error: web view not found
  (Session info: chrome=124.0.6367.119)
Build info: version: '4.18.1', revision: 'b1d3319b48'
System info: os.name: 'Windows 10', os.arch: 'amd64', os.version: '10.0', java.version: '18.0.2.1'
Driver info: org.openqa.selenium.chrome.ChromeDriver
Command: [c8b949c9ea241c9b219513eba69ac7f7, maximizeCurrentWindow {}]
Capabilities {acceptInsecureCerts: false, browserName: chrome, browserVersion: 124.0.6367.119, chrome: {chromedriverVersion: 124.0.6367.155 (df4f029328b..., userDataDir: C:\Users\ASUS\AppData\Local...}, fedcm:accounts: true, goog:chromeOptions: {debuggerAddress: localhost:64910}, networkConnectionEnabled: false, pageLoadStrategy: normal, platformName: windows, proxy: Proxy(), se:cdp: ws://localhost:64910/devtoo..., se:cdpVersion: 124.0.6367.119, setWindowRect: true, strictFileInteractability: false, timeouts: {implicit: 0, pageLoad: 300000, script: 30000}, unhandledPromptBehavior: dismiss and notify, webauthn:extension:credBlob: true, webauthn:extension:largeBlob: true, webauthn:extension:minPinLength: true, webauthn:extension:prf: true, webauthn:virtualAuthenticators: true}
Session ID: c8b949c9ea241c9b219513eba69ac7f7
at org.openqa.selenium.remote.ErrorCodec.decode(ErrorCodec.java:167)
at org.openqa.selenium.remote.codec.w3c.W3CHttpResponseCodec.decode(W3CHttpResponseCodec.java:138)
at org.openqa.selenium.remote.codec.w3c.W3CHttpResponseCodec.decode(W3CHttpResponseCodec.java:50)
at org.openqa.selenium.remote.HttpCommandExecutor.execute(HttpCommandExecutor.java:190)
at org.openqa.selenium.remote.service.DriverCommandExecutor.invokeExecute(DriverCommandExecutor.java:216)
at org.openqa.selenium.remote.service.DriverCommandExecutor.execute(DriverCommandExecutor.java:174)
at org.openqa.selenium.remote.RemoteWebDriver.execute(RemoteWebDriver.java:519)
at org.openqa.selenium.remote.RemoteWebDriver.execute(RemoteWebDriver.java:592)
at org.openqa.selenium.remote.RemoteWebDriver.execute(RemoteWebDriver.java:596)
at org.openqa.selenium.remote.RemoteWebDriver$RemoteWebDriverOptions$RemoteWindow.maximize(RemoteWebDriver.java:1035)
at util.BaseTest.start(BaseTest.java:21)
at java.base/java.util.ArrayList.forEach(ArrayList.java:1511)
... Removed 32 stack frames]]>
    </failure>
  </testcase> <!-- @BeforeMethod start -->
  <testcase classname="util.BaseTest" name="@AfterMethod logout" time="-1.715157709308E9">
    <skipped/>
  </testcase> <!-- @AfterMethod logout -->
  <testcase classname="util.BaseTestForCrossBrowser" name="@BeforeClass Classlevelstart" time="-1.715157709317E9">
    <failure type="org.testng.TestNGException" message="
Parameter &amp;apos;browser&amp;apos; is required by BeforeClass on method Classlevelstart but has not been marked @Optional or defined
in C:\Users\ASUS\Desktop\radha automation\AutomationHybridFrameWork\testng.xml">
      <![CDATA[org.testng.TestNGException: 
Parameter 'browser' is required by BeforeClass on method Classlevelstart but has not been marked @Optional or defined
in C:\Users\ASUS\Desktop\radha automation\AutomationHybridFrameWork\testng.xml
at java.base/java.util.ArrayList.forEach(ArrayList.java:1511)
... Removed 22 stack frames]]>
    </failure>
  </testcase> <!-- @BeforeClass Classlevelstart -->
  <testcase classname="util.BaseTestForCrossBrowser" name="@BeforeMethod start" time="-1.715157709322E9">
    <skipped/>
  </testcase> <!-- @BeforeMethod start -->
  <testcase classname="util.BaseTestForCrossBrowser" name="@AfterMethod end" time="-1.71515770937E9">
    <skipped/>
  </testcase> <!-- @AfterMethod end -->
  <testcase classname="util.BaseTestForCrossBrowser" name="@AfterClass ClassLevelEnded" time="-1.715157709414E9">
    <skipped/>
  </testcase> <!-- @AfterClass ClassLevelEnded -->
  <testcase classname="TestNG_test.deleteTypeOfwork" name="DeleteTypeOfwork" time="0.0">
    <skipped/>
  </testcase> <!-- DeleteTypeOfwork -->
  <testcase classname="TestNG_test.DeleteAndLogOutLeave" name="deleteAndLogOutLeave" time="0.0">
    <skipped/>
  </testcase> <!-- deleteAndLogOutLeave -->
  <testcase classname="TestNG_test.CreateLeaveAndLogOut" name="createLeaveAndLogOut" time="0.0">
    <skipped/>
  </testcase> <!-- createLeaveAndLogOut -->
  <testcase classname="TestNG_test.ActitimeLoginAndLogout" name="actitimeLoginOut" time="0.0">
    <skipped/>
  </testcase> <!-- actitimeLoginOut -->
  <testcase classname="TestNG_test.CreatCustomerAndLogOut" name="creatCustomerAndLogOut" time="0.0">
    <skipped/>
  </testcase> <!-- creatCustomerAndLogOut -->
  <testcase classname="TestNG_test.creatTypeOfWork" name="CreatTypeOfWork" time="0.0">
    <skipped/>
  </testcase> <!-- CreatTypeOfWork -->
  <testcase classname="util.BaseTestForCrossBrowser" name="@BeforeTest TestLevelStarted" time="0.0">
    <ignored/>
  </testcase> <!-- @BeforeTest TestLevelStarted -->
  <testcase classname="util.BaseTestForCrossBrowser" name="@BeforeTest TestLevelStarted" time="0.0">
    <ignored/>
  </testcase> <!-- @BeforeTest TestLevelStarted -->
  <testcase classname="util.BaseTest" name="@BeforeSuite suitlevelstart" time="0.0">
    <ignored/>
  </testcase> <!-- @BeforeSuite suitlevelstart -->
  <testcase classname="util.BaseTest" name="@BeforeSuite suitlevelstart" time="0.0">
    <ignored/>
  </testcase> <!-- @BeforeSuite suitlevelstart -->
  <testcase classname="util.BaseTest" name="@AfterSuite suitlevelended" time="0.0">
    <ignored/>
  </testcase> <!-- @AfterSuite suitlevelended -->
  <testcase classname="util.BaseTest" name="@AfterSuite suitlevelended" time="0.0">
    <ignored/>
  </testcase> <!-- @AfterSuite suitlevelended -->
  <testcase classname="util.BaseTest" name="@AfterTest classlevelendet" time="0.0">
    <ignored/>
  </testcase> <!-- @AfterTest classlevelendet -->
  <testcase classname="util.BaseTest" name="@AfterTest classlevelendet" time="0.0">
    <ignored/>
  </testcase> <!-- @AfterTest classlevelendet -->
  <testcase classname="util.BaseTestForCrossBrowser" name="@AfterTest TestLevelEnded" time="0.0">
    <ignored/>
  </testcase> <!-- @AfterTest TestLevelEnded -->
  <testcase classname="util.BaseTestForCrossBrowser" name="@AfterTest TestLevelEnded" time="0.0">
    <ignored/>
  </testcase> <!-- @AfterTest TestLevelEnded -->
</testsuite> <!-- Test -->
